This is pdfTeX, Version 3.14159265-2.6-1.40.21 (TeX Live 2020) (preloaded format=pdflatex 2020.11.6)  8 NOV 2020 12:56
entering extended mode
 restricted \write18 enabled.
 %&-line parsing enabled.
**project-measure-writeup.tex
(./project-measure-writeup.tex
LaTeX2e <2020-10-01> patch level 2
L3 programming layer <2020-10-27> xparse <2020-03-03> (/Users/harrisonfuller/Li
brary/TinyTeX/texmf-dist/tex/latex/base/article.cls
Document Class: article 2020/04/10 v1.4m Standard LaTeX document class
(/Users/harrisonfuller/Library/TinyTeX/texmf-dist/tex/latex/base/size10.clo
File: size10.clo 2020/04/10 v1.4m Standard LaTeX file (size option)
)
\c@part=\count175
\c@section=\count176
\c@subsection=\count177
\c@subsubsection=\count178
\c@paragraph=\count179
\c@subparagraph=\count180
\c@figure=\count181
\c@table=\count182
\abovecaptionskip=\skip47
\belowcaptionskip=\skip48
\bibindent=\dimen138
)
(/Users/harrisonfuller/Library/TinyTeX/texmf-dist/tex/latex/geometry/geometry.s
ty
Package: geometry 2020/01/02 v5.9 Page Geometry

(/Users/harrisonfuller/Library/TinyTeX/texmf-dist/tex/latex/graphics/keyval.sty
Package: keyval 2014/10/28 v1.15 key=value parser (DPC)
\KV@toks@=\toks15
) (/Users/harrisonfuller/Library/TinyTeX/texmf-dist/tex/generic/iftex/ifvtex.st
y
Package: ifvtex 2019/10/25 v1.7 ifvtex legacy package. Use iftex instead.
(/Users/harrisonfuller/Library/TinyTeX/texmf-dist/tex/generic/iftex/iftex.sty
Package: iftex 2020/03/06 v1.0d TeX engine tests
))
\Gm@cnth=\count183
\Gm@cntv=\count184
\c@Gm@tempcnt=\count185
\Gm@bindingoffset=\dimen139
\Gm@wd@mp=\dimen140
\Gm@odd@mp=\dimen141
\Gm@even@mp=\dimen142
\Gm@layoutwidth=\dimen143
\Gm@layoutheight=\dimen144
\Gm@layouthoffset=\dimen145
\Gm@layoutvoffset=\dimen146
\Gm@dimlist=\toks16
) (/Users/harrisonfuller/Library/TinyTeX/texmf-dist/tex/latex/graphics/color.st
y
Package: color 2020/02/24 v1.2b Standard LaTeX Color (DPC)

(/Users/harrisonfuller/Library/TinyTeX/texmf-dist/tex/latex/graphics-cfg/color.
cfg
File: color.cfg 2016/01/02 v1.6 sample color configuration
)
Package color Info: Driver file: pdftex.def on input line 147.

(/Users/harrisonfuller/Library/TinyTeX/texmf-dist/tex/latex/graphics-def/pdftex
.def
File: pdftex.def 2020/10/05 v1.2a Graphics/color driver for pdftex
)) (/Users/harrisonfuller/Library/TinyTeX/texmf-dist/tex/latex/lm/lmodern.sty
Package: lmodern 2009/10/30 v1.6 Latin Modern Fonts
LaTeX Font Info:    Overwriting symbol font `operators' in version `normal'
(Font)                  OT1/cmr/m/n --> OT1/lmr/m/n on input line 22.
LaTeX Font Info:    Overwriting symbol font `letters' in version `normal'
(Font)                  OML/cmm/m/it --> OML/lmm/m/it on input line 23.
LaTeX Font Info:    Overwriting symbol font `symbols' in version `normal'
(Font)                  OMS/cmsy/m/n --> OMS/lmsy/m/n on input line 24.
LaTeX Font Info:    Overwriting symbol font `largesymbols' in version `normal'
(Font)                  OMX/cmex/m/n --> OMX/lmex/m/n on input line 25.
LaTeX Font Info:    Overwriting symbol font `operators' in version `bold'
(Font)                  OT1/cmr/bx/n --> OT1/lmr/bx/n on input line 26.
LaTeX Font Info:    Overwriting symbol font `letters' in version `bold'
(Font)                  OML/cmm/b/it --> OML/lmm/b/it on input line 27.
LaTeX Font Info:    Overwriting symbol font `symbols' in version `bold'
(Font)                  OMS/cmsy/b/n --> OMS/lmsy/b/n on input line 28.
LaTeX Font Info:    Overwriting symbol font `largesymbols' in version `bold'
(Font)                  OMX/cmex/m/n --> OMX/lmex/m/n on input line 29.
LaTeX Font Info:    Overwriting math alphabet `\mathbf' in version `normal'
(Font)                  OT1/cmr/bx/n --> OT1/lmr/bx/n on input line 31.
LaTeX Font Info:    Overwriting math alphabet `\mathsf' in version `normal'
(Font)                  OT1/cmss/m/n --> OT1/lmss/m/n on input line 32.
LaTeX Font Info:    Overwriting math alphabet `\mathit' in version `normal'
(Font)                  OT1/cmr/m/it --> OT1/lmr/m/it on input line 33.
LaTeX Font Info:    Overwriting math alphabet `\mathtt' in version `normal'
(Font)                  OT1/cmtt/m/n --> OT1/lmtt/m/n on input line 34.
LaTeX Font Info:    Overwriting math alphabet `\mathbf' in version `bold'
(Font)                  OT1/cmr/bx/n --> OT1/lmr/bx/n on input line 35.
LaTeX Font Info:    Overwriting math alphabet `\mathsf' in version `bold'
(Font)                  OT1/cmss/bx/n --> OT1/lmss/bx/n on input line 36.
LaTeX Font Info:    Overwriting math alphabet `\mathit' in version `bold'
(Font)                  OT1/cmr/bx/it --> OT1/lmr/bx/it on input line 37.
LaTeX Font Info:    Overwriting math alphabet `\mathtt' in version `bold'
(Font)                  OT1/cmtt/m/n --> OT1/lmtt/m/n on input line 38.
) (/Users/harrisonfuller/Library/TinyTeX/texmf-dist/tex/latex/base/fontenc.sty
Package: fontenc 2020/08/10 v2.0s Standard LaTeX package
LaTeX Font Info:    Trying to load font information for T1+lmr on input line 11
2.
(/Users/harrisonfuller/Library/TinyTeX/texmf-dist/tex/latex/lm/t1lmr.fd
File: t1lmr.fd 2009/10/30 v1.6 Font defs for Latin Modern
)) (/Users/harrisonfuller/Library/TinyTeX/texmf-dist/tex/latex/base/inputenc.st
y
Package: inputenc 2020/08/01 v1.3d Input encoding file
\inpenc@prehook=\toks17
\inpenc@posthook=\toks18
)
(/Users/harrisonfuller/Library/TinyTeX/texmf-dist/tex/latex/abstract/abstract.s
ty
Package: abstract 2009/06/08 v1.2a configurable abstracts
\abstitleskip=\skip49
\absleftindent=\skip50
\absrightindent=\skip51
\absparindent=\skip52
\absparsep=\skip53
)
(/Users/harrisonfuller/Library/TinyTeX/texmf-dist/tex/latex/fancyvrb/fancyvrb.s
ty
Package: fancyvrb 2020/05/03 v3.6 verbatim text (tvz,hv)
\FV@CodeLineNo=\count186
\FV@InFile=\read2
\FV@TabBox=\box47
\c@FancyVerbLine=\count187
\FV@StepNumber=\count188
\FV@OutFile=\write3
) (/Users/harrisonfuller/Library/TinyTeX/texmf-dist/tex/latex/framed/framed.sty
Package: framed 2011/10/22 v 0.96: framed or shaded text with page breaks
\OuterFrameSep=\skip54
\fb@frw=\dimen147
\fb@frh=\dimen148
\FrameRule=\dimen149
\FrameSep=\dimen150
)
(/Users/harrisonfuller/Library/TinyTeX/texmf-dist/tex/latex/graphics/graphicx.s
ty
Package: graphicx 2020/09/09 v1.2b Enhanced LaTeX Graphics (DPC,SPQR)

(/Users/harrisonfuller/Library/TinyTeX/texmf-dist/tex/latex/graphics/graphics.s
ty
Package: graphics 2020/08/30 v1.4c Standard LaTeX Graphics (DPC,SPQR)
(/Users/harrisonfuller/Library/TinyTeX/texmf-dist/tex/latex/graphics/trig.sty
Package: trig 2016/01/03 v1.10 sin cos tan (DPC)
)
(/Users/harrisonfuller/Library/TinyTeX/texmf-dist/tex/latex/graphics-cfg/graphi
cs.cfg
File: graphics.cfg 2016/06/04 v1.11 sample graphics configuration
)
Package graphics Info: Driver file: pdftex.def on input line 105.
)
\Gin@req@height=\dimen151
\Gin@req@width=\dimen152
)
(/Users/harrisonfuller/Library/TinyTeX/texmf-dist/tex/latex/grffile/grffile.sty
Package: grffile 2019/11/11 v2.1 Extended file name support for graphics (legac
y)
Package grffile Info: This package is an empty stub for compatibility on input 
line 40.
)
(/Users/harrisonfuller/Library/TinyTeX/texmf-dist/tex/latex/titlesec/titlesec.s
ty
Package: titlesec 2019/10/16 v2.13 Sectioning titles
\ttl@box=\box48
\beforetitleunit=\skip55
\aftertitleunit=\skip56
\ttl@plus=\dimen153
\ttl@minus=\dimen154
\ttl@toksa=\toks19
\titlewidth=\dimen155
\titlewidthlast=\dimen156
\titlewidthfirst=\dimen157
)
(/Users/harrisonfuller/Library/TinyTeX/texmf-dist/tex/latex/environ/environ.sty
Package: environ 2014/05/04 v0.3 A new way to define environments

(/Users/harrisonfuller/Library/TinyTeX/texmf-dist/tex/latex/trimspaces/trimspac
es.sty
Package: trimspaces 2009/09/17 v1.1 Trim spaces around a token list
)
\@envbody=\toks20
) (/Users/harrisonfuller/Library/TinyTeX/texmf-dist/tex/latex/natbib/natbib.sty
Package: natbib 2010/09/13 8.31b (PWD, AO)
\bibhang=\skip57
\bibsep=\skip58
LaTeX Info: Redefining \cite on input line 694.
\c@NAT@ctr=\count189
)
(/Users/harrisonfuller/Library/TinyTeX/texmf-dist/tex/latex/underscore/undersco
re.sty
Package: underscore 2006/09/13
LaTeX Info: Redefining \_ on input line 42.
)
\c@hypothesis=\count190

(/Users/harrisonfuller/Library/TinyTeX/texmf-dist/tex/latex/setspace/setspace.s
ty
Package: setspace 2011/12/19 v6.7a set line spacing
)
(/Users/harrisonfuller/Library/TinyTeX/texmf-dist/tex/latex/fancyhdr/fancyhdr.s
ty
Package: fancyhdr 2019/01/31 v3.10 Extensive control of page headers and footer
s
\f@nch@headwidth=\skip59
\f@nch@O@elh=\skip60
\f@nch@O@erh=\skip61
\f@nch@O@olh=\skip62
\f@nch@O@orh=\skip63
\f@nch@O@elf=\skip64
\f@nch@O@erf=\skip65
\f@nch@O@olf=\skip66
\f@nch@O@orf=\skip67
)
(/Users/harrisonfuller/Library/TinyTeX/texmf-dist/tex/latex/lastpage/lastpage.s
ty
Package: lastpage 2015/03/29 v1.2m Refers to last page's name (HMM; JPG)
) (/Users/harrisonfuller/Library/TinyTeX/texmf-dist/tex/latex/tools/multicol.st
y
Package: multicol 2019/12/09 v1.8y multicolumn formatting (FMi)
\c@tracingmulticols=\count191
\mult@box=\box49
\multicol@leftmargin=\dimen158
\c@unbalance=\count192
\c@collectmore=\count193
\doublecol@number=\count194
\multicoltolerance=\count195
\multicolpretolerance=\count196
\full@width=\dimen159
\page@free=\dimen160
\premulticols=\dimen161
\postmulticols=\dimen162
\multicolsep=\skip68
\multicolbaselineskip=\skip69
\partial@page=\box50
\last@line=\box51
\maxbalancingoverflow=\dimen163
\mult@rightbox=\box52
\mult@grightbox=\box53
\mult@gfirstbox=\box54
\mult@firstbox=\box55
\@tempa=\box56
\@tempa=\box57
\@tempa=\box58
\@tempa=\box59
\@tempa=\box60
\@tempa=\box61
\@tempa=\box62
\@tempa=\box63
\@tempa=\box64
\@tempa=\box65
\@tempa=\box66
\@tempa=\box67
\@tempa=\box68
\@tempa=\box69
\@tempa=\box70
\@tempa=\box71
\@tempa=\box72
\@tempa=\box73
\@tempa=\box74
\@tempa=\box75
\@tempa=\box76
\@tempa=\box77
\@tempa=\box78
\@tempa=\box79
\@tempa=\box80
\@tempa=\box81
\@tempa=\box82
\@tempa=\box83
\@tempa=\box84
\@tempa=\box85
\@tempa=\box86
\@tempa=\box87
\@tempa=\box88
\@tempa=\box89
\@tempa=\box90
\@tempa=\box91
\@tempa=\box92
\c@minrows=\count197
\c@columnbadness=\count198
\c@finalcolumnbadness=\count199
\last@try=\dimen164
\multicolovershoot=\dimen165
\multicolundershoot=\dimen166
\mult@nat@firstbox=\box93
\colbreak@box=\box94
\mc@col@check@num=\count266
)
(/Users/harrisonfuller/Library/TinyTeX/texmf-dist/tex/latex/etoolbox/etoolbox.s
ty
Package: etoolbox 2020/10/05 v2.5k e-TeX tools for LaTeX (JAW)
\etb@tempcnta=\count267
) (/Users/harrisonfuller/Library/TinyTeX/texmf-dist/tex/generic/soul/soul.sty
Package: soul 2003/11/17 v2.4 letterspacing/underlining (mf)
\SOUL@word=\toks21
\SOUL@lasttoken=\toks22
\SOUL@cmds=\toks23
\SOUL@buffer=\toks24
\SOUL@token=\toks25
\SOUL@spaceskip=\skip70
\SOUL@ttwidth=\dimen167
\SOUL@uldp=\dimen168
\SOUL@ulht=\dimen169
) (/Users/harrisonfuller/Library/TinyTeX/texmf-dist/tex/latex/url/url.sty
\Urlmuskip=\muskip16
Package: url 2013/09/16  ver 3.4  Verb mode for urls, etc.
)
(/Users/harrisonfuller/Library/TinyTeX/texmf-dist/tex/latex/csquotes/csquotes.s
ty
Package: csquotes 2019-12-06 v5.2j context-sensitive quotations (JAW)
\csq@reset=\count268
\csq@gtype=\count269
\csq@glevel=\count270
\csq@qlevel=\count271
\csq@maxlvl=\count272
\csq@tshold=\count273
\csq@ltx@everypar=\toks26

(/Users/harrisonfuller/Library/TinyTeX/texmf-dist/tex/latex/csquotes/csquotes.d
ef
File: csquotes.def 2019-12-06 v5.2j csquotes generic definitions (JAW)
)
Package csquotes Info: Trying to load configuration file 'csquotes.cfg'...
Package csquotes Info: ... configuration file loaded successfully.

(/Users/harrisonfuller/Library/TinyTeX/texmf-dist/tex/latex/csquotes/csquotes.c
fg
File: csquotes.cfg 
))
(/Users/harrisonfuller/Library/TinyTeX/texmf-dist/tex/latex/graphics/rotating.s
ty
Package: rotating 2016/08/11 v2.16d rotated objects in LaTeX
(/Users/harrisonfuller/Library/TinyTeX/texmf-dist/tex/latex/base/ifthen.sty
Package: ifthen 2014/09/29 v1.1c Standard LaTeX ifthen package (DPC)
)
\c@r@tfl@t=\count274
\rotFPtop=\skip71
\rotFPbot=\skip72
\rot@float@box=\box95
\rot@mess@toks=\toks27
)
(/Users/harrisonfuller/Library/TinyTeX/texmf-dist/tex/latex/caption/caption.sty
Package: caption 2020/10/26 v3.5g Customizing captions (AR)

(/Users/harrisonfuller/Library/TinyTeX/texmf-dist/tex/latex/caption/caption3.st
y
Package: caption3 2020/10/21 v2.2e caption3 kernel (AR)
\captionmargin=\dimen170
\captionmargin@=\dimen171
\captionwidth=\dimen172
\caption@tempdima=\dimen173
\caption@indent=\dimen174
\caption@parindent=\dimen175
\caption@hangindent=\dimen176
Package caption Info: Standard document class detected.
)
\c@caption@flags=\count275
\c@continuedfloat=\count276
Package caption Info: rotating package is loaded.
)
(/Users/harrisonfuller/Library/TinyTeX/texmf-dist/tex/latex/booktabs/booktabs.s
ty
Package: booktabs 2020/01/12 v1.61803398 Publication quality tables
\heavyrulewidth=\dimen177
\lightrulewidth=\dimen178
\cmidrulewidth=\dimen179
\belowrulesep=\dimen180
\belowbottomsep=\dimen181
\aboverulesep=\dimen182
\abovetopsep=\dimen183
\cmidrulesep=\dimen184
\cmidrulekern=\dimen185
\defaultaddspace=\dimen186
\@cmidla=\count277
\@cmidlb=\count278
\@aboverulesep=\dimen187
\@belowrulesep=\dimen188
\@thisruleclass=\count279
\@lastruleclass=\count280
\@thisrulewidth=\dimen189
) (/Users/harrisonfuller/Library/TinyTeX/texmf-dist/tex/latex/tools/tabularx.st
y
Package: tabularx 2020/01/15 v2.11c `tabularx' package (DPC)
(/Users/harrisonfuller/Library/TinyTeX/texmf-dist/tex/latex/tools/array.sty
Package: array 2020/10/01 v2.5c Tabular extension package (FMi)
\col@sep=\dimen190
\ar@mcellbox=\box96
\extrarowheight=\dimen191
\NC@list=\toks28
\extratabsurround=\skip73
\backup@length=\skip74
\ar@cellbox=\box97
)
\TX@col@width=\dimen192
\TX@old@table=\dimen193
\TX@old@col=\dimen194
\TX@target=\dimen195
\TX@delta=\dimen196
\TX@cols=\count281
\TX@ftn=\toks29
)
(/Users/harrisonfuller/Library/TinyTeX/texmf-dist/tex/latex/tools/enumerate.sty
Package: enumerate 2015/07/23 v3.00 enumerate extensions (DPC)
\@enLab=\toks30
)
(/Users/harrisonfuller/Library/TinyTeX/texmf-dist/tex/latex/enumitem/enumitem.s
ty
Package: enumitem 2019/06/20 v3.9 Customized lists
\labelindent=\skip75
\enit@outerparindent=\dimen197
\enit@toks=\toks31
\enit@inbox=\box98
\enit@count@id=\count282
\enitdp@description=\count283
) (/Users/harrisonfuller/Library/TinyTeX/texmf-dist/tex/latex/lineno/lineno.sty
Package: lineno 2005/11/02 line numbers on paragraphs v4.41
\linenopenalty=\count284
\output=\toks32
\linenoprevgraf=\count285
\linenumbersep=\dimen198
\linenumberwidth=\dimen199
\c@linenumber=\count286
\c@pagewiselinenumber=\count287
\c@LN@truepage=\count288
\c@internallinenumber=\count289
\c@internallinenumbers=\count290
\quotelinenumbersep=\dimen256
\bframerule=\dimen257
\bframesep=\dimen258
\bframebox=\box99

LaTeX Warning: Command \@parboxrestore  has changed.
               Check if current package is valid.

LaTeX Info: Redefining \\ on input line 3056.
)
(/Users/harrisonfuller/Library/TinyTeX/texmf-dist/tex/latex/hanging/hanging.sty
Package: hanging 2009/09/02 v1.2b hanging paragraphs and punctuation
\h@ngcommawd=\skip76
\h@ngfstopwd=\skip77
\h@ngquotewd=\skip78
\h@ngdquotewd=\skip79
\h@ngquerywd=\skip80
\h@ngexclwd=\skip81
\h@ngcolonwd=\skip82
\h@ngscolonwd=\skip83
)
(/Users/harrisonfuller/Library/TinyTeX/texmf-dist/tex/latex/mathtools/mathtools
.sty
Package: mathtools 2020/03/24 v1.24 mathematical typesetting tools
(/Users/harrisonfuller/Library/TinyTeX/texmf-dist/tex/latex/tools/calc.sty
Package: calc 2017/05/25 v4.3 Infix arithmetic (KKT,FJ)
\calc@Acount=\count291
\calc@Bcount=\count292
\calc@Adimen=\dimen259
\calc@Bdimen=\dimen260
\calc@Askip=\skip84
\calc@Bskip=\skip85
LaTeX Info: Redefining \setlength on input line 80.
LaTeX Info: Redefining \addtolength on input line 81.
\calc@Ccount=\count293
\calc@Cskip=\skip86
)
(/Users/harrisonfuller/Library/TinyTeX/texmf-dist/tex/latex/mathtools/mhsetup.s
ty
Package: mhsetup 2017/03/31 v1.3 programming setup (MH)
)
(/Users/harrisonfuller/Library/TinyTeX/texmf-dist/tex/latex/amsmath/amsmath.sty
Package: amsmath 2020/09/23 v2.17i AMS math features
\@mathmargin=\skip87
For additional information on amsmath, use the `?' option.

(/Users/harrisonfuller/Library/TinyTeX/texmf-dist/tex/latex/amsmath/amstext.sty
Package: amstext 2000/06/29 v2.01 AMS text
(/Users/harrisonfuller/Library/TinyTeX/texmf-dist/tex/latex/amsmath/amsgen.sty
File: amsgen.sty 1999/11/30 v2.0 generic functions
\@emptytoks=\toks33
\ex@=\dimen261
)) (/Users/harrisonfuller/Library/TinyTeX/texmf-dist/tex/latex/amsmath/amsbsy.s
ty
Package: amsbsy 1999/11/29 v1.2d Bold Symbols
\pmbraise@=\dimen262
) (/Users/harrisonfuller/Library/TinyTeX/texmf-dist/tex/latex/amsmath/amsopn.st
y
Package: amsopn 2016/03/08 v2.02 operator names
)
\inf@bad=\count294
LaTeX Info: Redefining \frac on input line 234.
\uproot@=\count295
\leftroot@=\count296
LaTeX Info: Redefining \overline on input line 399.
\classnum@=\count297
\DOTSCASE@=\count298
LaTeX Info: Redefining \ldots on input line 496.
LaTeX Info: Redefining \dots on input line 499.
LaTeX Info: Redefining \cdots on input line 620.
\Mathstrutbox@=\box100
\strutbox@=\box101
\big@size=\dimen263
LaTeX Font Info:    Redeclaring font encoding OML on input line 743.
LaTeX Font Info:    Redeclaring font encoding OMS on input line 744.
\macc@depth=\count299
\c@MaxMatrixCols=\count300
\dotsspace@=\muskip17
\c@parentequation=\count301
\dspbrk@lvl=\count302
\tag@help=\toks34
\row@=\count303
\column@=\count304
\maxfields@=\count305
\andhelp@=\toks35
\eqnshift@=\dimen264
\alignsep@=\dimen265
\tagshift@=\dimen266
\tagwidth@=\dimen267
\totwidth@=\dimen268
\lineht@=\dimen269
\@envbody=\toks36
\multlinegap=\skip88
\multlinetaggap=\skip89
\mathdisplay@stack=\toks37
LaTeX Info: Redefining \[ on input line 2923.
LaTeX Info: Redefining \] on input line 2924.
)
LaTeX Info: Thecontrolsequence`\('isalreadyrobust on input line 130.
LaTeX Info: Thecontrolsequence`\)'isalreadyrobust on input line 130.
LaTeX Info: Thecontrolsequence`\['isalreadyrobust on input line 130.
LaTeX Info: Thecontrolsequence`\]'isalreadyrobust on input line 130.
\g_MT_multlinerow_int=\count306
\l_MT_multwidth_dim=\dimen270
\origjot=\skip90
\l_MT_shortvdotswithinadjustabove_dim=\dimen271
\l_MT_shortvdotswithinadjustbelow_dim=\dimen272
\l_MT_above_intertext_sep=\dimen273
\l_MT_below_intertext_sep=\dimen274
\l_MT_above_shortintertext_sep=\dimen275
\l_MT_below_shortintertext_sep=\dimen276
\xmathstrut@box=\box102
\xmathstrut@dim=\dimen277
) (/Users/harrisonfuller/Library/TinyTeX/texmf-dist/tex/latex/tools/bm.sty
Package: bm 2019/07/24 v1.2d Bold Symbol Support (DPC/FMi)
\symboldoperators=\mathgroup4
\symboldletters=\mathgroup5
\symboldsymbols=\mathgroup6
LaTeX Font Info:    Redeclaring math alphabet \mathbf on input line 141.
LaTeX Info: Redefining \bm on input line 209.
)
(/Users/harrisonfuller/Library/TinyTeX/texmf-dist/tex/latex/scalerel/scalerel.s
ty
Package: scalerel 2016/12/29 v1.8 Routines for constrained scaling and stretchi
ng of objects, relative to a reference object or in absolute terms
\thesrwidth=\skip91
\thesrheight=\skip92
\srblobheight=\skip93
\srblobdepth=\skip94
\mnxsrwidth=\skip95
\LMex=\skip96
\LMpt=\skip97
)
(/Users/harrisonfuller/Library/TinyTeX/texmf-dist/tex/latex/endnotes/endnotes.s
ty
Package: endnotes 2020-01-02 endnotes package
\c@endnote=\count307
\endnotesep=\dimen278
\@enotes=\write4
)
(/Users/harrisonfuller/Library/TinyTeX/texmf-dist/tex/latex/caption/subcaption.
sty
Package: subcaption 2020/10/07 v1.3j Sub-captions (AR)
\c@subfigure=\count308
\c@subtable=\count309
)
(/Users/harrisonfuller/Library/TinyTeX/texmf-dist/tex/latex/hyperref/hyperref.s
ty
Package: hyperref 2020-05-15 v7.00e Hypertext links for LaTeX

(/Users/harrisonfuller/Library/TinyTeX/texmf-dist/tex/generic/ltxcmds/ltxcmds.s
ty
Package: ltxcmds 2020-05-10 v1.25 LaTeX kernel commands for general use (HO)
)
(/Users/harrisonfuller/Library/TinyTeX/texmf-dist/tex/generic/pdftexcmds/pdftex
cmds.sty
Package: pdftexcmds 2020-06-27 v0.33 Utility functions of pdfTeX for LuaTeX (HO
)

(/Users/harrisonfuller/Library/TinyTeX/texmf-dist/tex/generic/infwarerr/infware
rr.sty
Package: infwarerr 2019/12/03 v1.5 Providing info/warning/error messages (HO)
)
Package pdftexcmds Info: \pdf@primitive is available.
Package pdftexcmds Info: \pdf@ifprimitive is available.
Package pdftexcmds Info: \pdfdraftmode found.
)
(/Users/harrisonfuller/Library/TinyTeX/texmf-dist/tex/generic/kvsetkeys/kvsetke
ys.sty
Package: kvsetkeys 2019/12/15 v1.18 Key value parser (HO)
)
(/Users/harrisonfuller/Library/TinyTeX/texmf-dist/tex/generic/kvdefinekeys/kvde
finekeys.sty
Package: kvdefinekeys 2019-12-19 v1.6 Define keys (HO)
)
(/Users/harrisonfuller/Library/TinyTeX/texmf-dist/tex/generic/pdfescape/pdfesca
pe.sty
Package: pdfescape 2019/12/09 v1.15 Implements pdfTeX's escape features (HO)
)
(/Users/harrisonfuller/Library/TinyTeX/texmf-dist/tex/latex/hycolor/hycolor.sty
Package: hycolor 2020-01-27 v1.10 Color options for hyperref/bookmark (HO)
)
(/Users/harrisonfuller/Library/TinyTeX/texmf-dist/tex/latex/letltxmacro/letltxm
acro.sty
Package: letltxmacro 2019/12/03 v1.6 Let assignment for LaTeX macros (HO)
)
(/Users/harrisonfuller/Library/TinyTeX/texmf-dist/tex/latex/auxhook/auxhook.sty
Package: auxhook 2019-12-17 v1.6 Hooks for auxiliary files (HO)
)
(/Users/harrisonfuller/Library/TinyTeX/texmf-dist/tex/latex/kvoptions/kvoptions
.sty
Package: kvoptions 2020-10-07 v3.14 Key value format for package options (HO)
)
\@linkdim=\dimen279
\Hy@linkcounter=\count310
\Hy@pagecounter=\count311

(/Users/harrisonfuller/Library/TinyTeX/texmf-dist/tex/latex/hyperref/pd1enc.def
File: pd1enc.def 2020-05-15 v7.00e Hyperref: PDFDocEncoding definition (HO)
Now handling font encoding PD1 ...
... no UTF-8 mapping file for font encoding PD1
)
(/Users/harrisonfuller/Library/TinyTeX/texmf-dist/tex/generic/intcalc/intcalc.s
ty
Package: intcalc 2019/12/15 v1.3 Expandable calculations with integers (HO)
)
(/Users/harrisonfuller/Library/TinyTeX/texmf-dist/tex/generic/etexcmds/etexcmds
.sty
Package: etexcmds 2019/12/15 v1.7 Avoid name clashes with e-TeX commands (HO)
)
\Hy@SavedSpaceFactor=\count312
Package hyperref Info: Option `draft' set `true' on input line 4338.
Package hyperref Info: Option `unicode' set `true' on input line 4338.
(/Users/harrisonfuller/Library/TinyTeX/texmf-dist/tex/latex/hyperref/puenc.def
File: puenc.def 2020-05-15 v7.00e Hyperref: PDF Unicode definition (HO)
Now handling font encoding PU ...
... no UTF-8 mapping file for font encoding PU
)
Package hyperref Info: Hyper figures OFF on input line 4464.
Package hyperref Info: Link nesting OFF on input line 4469.
Package hyperref Info: Hyper index ON on input line 4472.
Package hyperref Info: Plain pages OFF on input line 4479.
Package hyperref Info: Backreferencing OFF on input line 4484.
Package hyperref Info: Implicit mode ON; LaTeX internals redefined.
Package hyperref Info: Bookmarks ON on input line 4717.
\c@Hy@tempcnt=\count313
LaTeX Info: Redefining \url on input line 5076.
\XeTeXLinkMargin=\dimen280

(/Users/harrisonfuller/Library/TinyTeX/texmf-dist/tex/generic/bitset/bitset.sty
Package: bitset 2019/12/09 v1.3 Handle bit-vector datatype (HO)

(/Users/harrisonfuller/Library/TinyTeX/texmf-dist/tex/generic/bigintcalc/bigint
calc.sty
Package: bigintcalc 2019/12/15 v1.5 Expandable calculations on big integers (HO
)
))
\Fld@menulength=\count314
\Field@Width=\dimen281
\Fld@charsize=\dimen282
Package hyperref Info: Hyper figures OFF on input line 6347.
Package hyperref Info: Link nesting OFF on input line 6352.
Package hyperref Info: Hyper index ON on input line 6355.
Package hyperref Info: backreferencing OFF on input line 6362.
Package hyperref Info: Link coloring OFF on input line 6367.
Package hyperref Info: Link coloring with OCG OFF on input line 6372.
Package hyperref Info: PDF/A mode OFF on input line 6377.
LaTeX Info: Redefining \ref on input line 6417.
LaTeX Info: Redefining \pageref on input line 6421.

(/Users/harrisonfuller/Library/TinyTeX/texmf-dist/tex/latex/base/atbegshi-ltx.s
ty
Package: atbegshi-ltx 2020/08/17 v1.0a Emulation of the original atbegshi packa
ge
with kernel methods
)
\Hy@abspage=\count315
\c@Item=\count316
\c@Hfootnote=\count317
)
Package hyperref Info: Driver (autodetected): hpdftex.

(/Users/harrisonfuller/Library/TinyTeX/texmf-dist/tex/latex/hyperref/hpdftex.de
f
File: hpdftex.def 2020-05-15 v7.00e Hyperref driver for pdfTeX

(/Users/harrisonfuller/Library/TinyTeX/texmf-dist/tex/latex/base/atveryend-ltx.
sty
Package: atveryend-ltx 2020/08/19 v1.0a Emulation of the original atvery packag
e
with kernel methods
)
\Fld@listcount=\count318
\c@bookmark@seq@number=\count319

(/Users/harrisonfuller/Library/TinyTeX/texmf-dist/tex/latex/rerunfilecheck/reru
nfilecheck.sty
Package: rerunfilecheck 2019/12/05 v1.9 Rerun checks for auxiliary files (HO)

(/Users/harrisonfuller/Library/TinyTeX/texmf-dist/tex/generic/uniquecounter/uni
quecounter.sty
Package: uniquecounter 2019/12/15 v1.4 Provide unlimited unique counter (HO)
)
Package uniquecounter Info: New unique counter `rerunfilecheck' on input line 2
86.
)
\Hy@SectionHShift=\skip98
)
Package hyperref Info: Option `breaklinks' set `true' on input line 300.

Package hyperref Warning: Option `bookmarks' has already been used,
(hyperref)                setting the option has no effect on input line 300.

Package hyperref Info: Option `colorlinks' set `true' on input line 300.

(/Users/harrisonfuller/Library/TinyTeX/texmf-dist/tex/latex/placeins/placeins.s
ty
Package: placeins 2005/04/18  v 2.2
)
Package csquotes Info: Checking for multilingual support...
Package csquotes Info: ... none found.

(/Users/harrisonfuller/Library/TinyTeX/texmf-dist/tex/latex/l3backend/l3backend
-pdftex.def
File: l3backend-pdftex.def 2020-09-24 L3 backend support: PDF output (pdfTeX)
\l__kernel_color_stack_int=\count320
\l__pdf_internal_box=\box103
) (./project-measure-writeup.aux)
\openout1 = `project-measure-writeup.aux'.

LaTeX Font Info:    Checking defaults for OML/cmm/m/it on input line 328.
LaTeX Font Info:    ... okay on input line 328.
LaTeX Font Info:    Checking defaults for OMS/cmsy/m/n on input line 328.
LaTeX Font Info:    ... okay on input line 328.
LaTeX Font Info:    Checking defaults for OT1/cmr/m/n on input line 328.
LaTeX Font Info:    ... okay on input line 328.
LaTeX Font Info:    Checking defaults for T1/cmr/m/n on input line 328.
LaTeX Font Info:    ... okay on input line 328.
LaTeX Font Info:    Checking defaults for TS1/cmr/m/n on input line 328.
LaTeX Font Info:    ... okay on input line 328.
LaTeX Font Info:    Checking defaults for OMX/cmex/m/n on input line 328.
LaTeX Font Info:    ... okay on input line 328.
LaTeX Font Info:    Checking defaults for U/cmr/m/n on input line 328.
LaTeX Font Info:    ... okay on input line 328.
LaTeX Font Info:    Checking defaults for PD1/pdf/m/n on input line 328.
LaTeX Font Info:    ... okay on input line 328.
LaTeX Font Info:    Checking defaults for PU/pdf/m/n on input line 328.
LaTeX Font Info:    ... okay on input line 328.
*geometry* driver: auto-detecting
*geometry* detected driver: pdftex
*geometry* verbose mode - [ preamble ] result:
* driver: pdftex
* paper: <default>
* layout: <same size as paper>
* layoutoffset:(h,v)=(0.0pt,0.0pt)
* modes: 
* h-part:(L,W,R)=(72.26999pt, 469.75502pt, 72.26999pt)
* v-part:(T,H,B)=(72.26999pt, 650.43001pt, 72.26999pt)
* \paperwidth=614.295pt
* \paperheight=794.96999pt
* \textwidth=469.75502pt
* \textheight=650.43001pt
* \oddsidemargin=0.0pt
* \evensidemargin=0.0pt
* \topmargin=-37.0pt
* \headheight=12.0pt
* \headsep=25.0pt
* \topskip=10.0pt
* \footskip=30.0pt
* \marginparwidth=65.0pt
* \marginparsep=11.0pt
* \columnsep=10.0pt
* \skip\footins=9.0pt plus 4.0pt minus 2.0pt
* \hoffset=0.0pt
* \voffset=0.0pt
* \mag=1000
* \@twocolumnfalse
* \@twosidefalse
* \@mparswitchfalse
* \@reversemarginfalse
* (1in=72.27pt=25.4mm, 1cm=28.453pt)


(/Users/harrisonfuller/Library/TinyTeX/texmf-dist/tex/latex/epstopdf-pkg/epstop
df-base.sty
Package: epstopdf-base 2020-01-24 v2.11 Base part for package epstopdf
(/Users/harrisonfuller/Library/TinyTeX/texmf-dist/tex/latex/grfext/grfext.sty
Package: grfext 2019/12/03 v1.3 Manage graphics extensions (HO)
)
Package epstopdf-base Info: Redefining graphics rule for `.eps' on input line 4
85.
Package grfext Info: Graphics extension search list:
(grfext)             [.pdf,.png,.jpg,.mps,.jpeg,.jbig2,.jb2,.PDF,.PNG,.JPG,.JPE
G,.JBIG2,.JB2,.eps]
(grfext)             \AppendGraphicsExtensions on input line 504.

(/Users/harrisonfuller/Library/TinyTeX/texmf-dist/tex/latex/latexconfig/epstopd
f-sys.cfg
File: epstopdf-sys.cfg 2010/07/13 v1.3 Configuration of (r)epstopdf for TeX Liv
e
))
Package lastpage Info: Please have a look at the pageslts package at
(lastpage)             https://www.ctan.org/pkg/pageslts
(lastpage)             ! on input line 328.
Package caption Info: Begin \AtBeginDocument code.
Package caption Info: hyperref package is loaded.
Package caption Info: End \AtBeginDocument code.

Package hyperref Warning: Draft mode on.

Package hyperref Info: Link coloring ON on input line 328.

(/Users/harrisonfuller/Library/TinyTeX/texmf-dist/tex/latex/hyperref/nameref.st
y
Package: nameref 2019/09/16 v2.46 Cross-referencing by name of section

(/Users/harrisonfuller/Library/TinyTeX/texmf-dist/tex/latex/refcount/refcount.s
ty
Package: refcount 2019/12/15 v3.6 Data extraction from label references (HO)
)
(/Users/harrisonfuller/Library/TinyTeX/texmf-dist/tex/generic/gettitlestring/ge
ttitlestring.sty
Package: gettitlestring 2019/12/15 v1.6 Cleanup title references (HO)
)
\c@section@level=\count321
)
LaTeX Info: Redefining \ref on input line 328.
LaTeX Info: Redefining \pageref on input line 328.
LaTeX Info: Redefining \nameref on input line 328.
LaTeX Font Info:    Trying to load font information for T1+phv on input line 34
5.
LaTeX Font Info:    No file T1phv.fd. on input line 345.

LaTeX Font Warning: Font shape `T1/phv/bx/n' undefined
(Font)              using `T1/cmr/m/n' instead on input line 345.

LaTeX Font Info:    Trying to load font information for OT1+lmr on input line 3
96.
(/Users/harrisonfuller/Library/TinyTeX/texmf-dist/tex/latex/lm/ot1lmr.fd
File: ot1lmr.fd 2009/10/30 v1.6 Font defs for Latin Modern
)
LaTeX Font Info:    Trying to load font information for OML+lmm on input line 3
96.
(/Users/harrisonfuller/Library/TinyTeX/texmf-dist/tex/latex/lm/omllmm.fd
File: omllmm.fd 2009/10/30 v1.6 Font defs for Latin Modern
)
LaTeX Font Info:    Trying to load font information for OMS+lmsy on input line 
396.
(/Users/harrisonfuller/Library/TinyTeX/texmf-dist/tex/latex/lm/omslmsy.fd
File: omslmsy.fd 2009/10/30 v1.6 Font defs for Latin Modern
)
LaTeX Font Info:    Trying to load font information for OMX+lmex on input line 
396.
(/Users/harrisonfuller/Library/TinyTeX/texmf-dist/tex/latex/lm/omxlmex.fd
File: omxlmex.fd 2009/10/30 v1.6 Font defs for Latin Modern
)
LaTeX Font Info:    External font `lmex10' loaded for size
(Font)              <10> on input line 396.
LaTeX Font Info:    External font `lmex10' loaded for size
(Font)              <7> on input line 396.
LaTeX Font Info:    External font `lmex10' loaded for size
(Font)              <5> on input line 396.
[1

{/Users/harrisonfuller/Library/TinyTeX/texmf-var/fonts/map/pdftex/updmap/pdftex
.map}] [2] [3] (./tables/table-scale-correlation-measure-nba.tex
Underfull \hbox (badness 10000) in paragraph at lines 36--36
[]|\T1/lmr/bx/n/8 Hand
 []


Underfull \hbox (badness 10000) in paragraph at lines 36--36
\T1/lmr/bx/n/8 Length
 []


Underfull \hbox (badness 10000) in paragraph at lines 36--36
[]|\T1/lmr/bx/n/8 Hand
 []


Underfull \hbox (badness 10000) in paragraph at lines 36--36
\T1/lmr/bx/n/8 Width
 []


Underfull \hbox (badness 10000) in paragraph at lines 36--36
[]|\T1/lmr/bx/n/8 Reach
 []


Underfull \hbox (badness 10000) in paragraph at lines 36--36
\T1/lmr/bx/n/8 Length
 []


Underfull \hbox (badness 10000) in paragraph at lines 36--36
\T1/lmr/bx/n/8 Width
 []


Underfull \hbox (badness 10000) in paragraph at lines 36--36
[]|\T1/lmr/bx/n/8 Pro
 []


Underfull \hbox (badness 10000) in paragraph at lines 36--36
\T1/lmr/bx/n/8 Reach
 []


Underfull \hbox (badness 10000) in paragraph at lines 36--36
[]|\T1/lmr/bx/n/8 Pro
 []


Underfull \hbox (badness 10000) in alignment at lines 36--36
[][][][][][][][][][][][][][][][][][][][][][][][][][][][][][][]
 []

) [4] [5]
LaTeX Font Info:    Trying to load font information for T1+lmtt on input line 5
82.
(/Users/harrisonfuller/Library/TinyTeX/texmf-dist/tex/latex/lm/t1lmtt.fd
File: t1lmtt.fd 2009/10/30 v1.6 Font defs for Latin Modern
)
LaTeX Font Info:    Font shape `T1/lmtt/bx/n' in size <10> not available
(Font)              Font shape `T1/lmtt/b/n' tried instead on input line 583.

Overfull \hbox (328.24266pt too wide) in paragraph at lines 596--596
[]\T1/lmtt/m/n/10 ## [1] "/Users/harrisonfuller/OneDrive - Washington State Uni
versity (email.wsu.edu)/Classes/STATS 419/__student_access__/_SECRET_/measure-s
tudents.txt"[] 
 []

[6]
<pdfs/project-measure-handout.pdf, id=37, 614.295pt x 794.97pt>
File: pdfs/project-measure-handout.pdf Graphic file (type pdf)
<use pdfs/project-measure-handout.pdf>
Package pdftex.def Info: pdfs/project-measure-handout.pdf  used on input line 6
21.
(pdftex.def)             Requested size: 399.29639pt x 516.73651pt.
[7 <./pdfs/project-measure-handout.pdf>] [8]
<project-measure-writeup_files/figure-latex/image-proportion-comparison-1.pdf, 
id=57, 469.755pt x 325.215pt>
File: project-measure-writeup_files/figure-latex/image-proportion-comparison-1.
pdf Graphic file (type pdf)
<use project-measure-writeup_files/figure-latex/image-proportion-comparison-1.p
df>
Package pdftex.def Info: project-measure-writeup_files/figure-latex/image-propo
rtion-comparison-1.pdf  used on input line 704.
(pdftex.def)             Requested size: 469.75386pt x 325.2142pt.
<project-measure-writeup_files/figure-latex/appendix-boxplot-1.pdf, id=58, 469.
755pt x 325.215pt>
File: project-measure-writeup_files/figure-latex/appendix-boxplot-1.pdf Graphic
 file (type pdf)
<use project-measure-writeup_files/figure-latex/appendix-boxplot-1.pdf>
Package pdftex.def Info: project-measure-writeup_files/figure-latex/appendix-bo
xplot-1.pdf  used on input line 712.
(pdftex.def)             Requested size: 469.75386pt x 325.2142pt.
<project-measure-writeup_files/figure-latex/appendix-cluster-analysis-1.pdf, id
=59, 469.755pt x 325.215pt>
File: project-measure-writeup_files/figure-latex/appendix-cluster-analysis-1.pd
f Graphic file (type pdf)
<use project-measure-writeup_files/figure-latex/appendix-cluster-analysis-1.pdf
>
Package pdftex.def Info: project-measure-writeup_files/figure-latex/appendix-cl
uster-analysis-1.pdf  used on input line 720.
(pdftex.def)             Requested size: 469.75386pt x 325.2142pt.
[9 <./project-measure-writeup_files/figure-latex/image-proportion-comparison-1.
pdf>] [10 <./project-measure-writeup_files/figure-latex/appendix-boxplot-1.pdf>
] [11 <./project-measure-writeup_files/figure-latex/appendix-cluster-analysis-1
.pdf>] [12] (./project-measure-writeup.ent) [13] (./project-measure-writeup.bbl

Underfull \hbox (badness 10000) in paragraph at lines 38--45
\T1/lmr/m/n/10 of An-thro-po-met-ric and Fit-ness Test-ing of
 []


Underfull \hbox (badness 10000) in paragraph at lines 38--45
\T1/lmr/m/n/10 578.  doi:$10 . 2165 / 00007256-[]200838070-[]00004$.
 []


Underfull \hbox (badness 10000) in paragraph at lines 38--45
\T1/lmr/m/n/10 URL $http : / / link . springer . com / 10 . 2165 /
 []


Underfull \hbox (badness 10000) in paragraph at lines 68--77
\T1/lmr/m/n/10 arttext & pid = S0717-[]95022020000400857 & lng =
 []


Underfull \hbox (badness 10000) in paragraph at lines 79--83
[]\T1/lmr/m/n/10 Reynolds, Tim. 2019.  Re-port: NBA
 []


Underfull \hbox (badness 10000) in paragraph at lines 79--83
\T1/lmr/m/n/10 pro-poses low-er-ing draft age to 18 |
 []

) [14] (./project-measure-writeup.toc)
\tf@toc=\write5
\openout5 = `project-measure-writeup.toc'.


AED: lastpage setting LastPage
[15]
\openout4 = `project-measure-writeup.ent'.

(./project-measure-writeup.aux)

LaTeX Font Warning: Some font shapes were not available, defaults substituted.

 ) 
Here is how much of TeX's memory you used:
 15085 strings out of 481433
 232134 string characters out of 5918913
 580569 words of memory out of 5000000
 31543 multiletter control sequences out of 15000+600000
 614337 words of font info for 77 fonts, out of 8000000 for 9000
 14 hyphenation exceptions out of 8191
 77i,15n,84p,777b,537s stack positions out of 5000i,500n,10000p,200000b,80000s
{/Users/harrisonfuller/Library/TinyTeX/texmf-dist/fonts/enc/dvips/lm/lm-ec.en
c}{/Users/harrisonfuller/Library/TinyTeX/texmf-dist/fonts/enc/dvips/lm/lm-rm.en
c}{/Users/harrisonfuller/Library/TinyTeX/texmf-dist/fonts/enc/dvips/lm/lm-mathi
t.enc}{/Users/harrisonfuller/Library/TinyTeX/texmf-dist/fonts/enc/dvips/lm/lm-m
athsy.enc} </Users/harrisonfuller/Library/TinyTeX/texmf-var/fonts/pk/ljfour/jkn
appen/ec/ecrm1095.600pk></Users/harrisonfuller/Library/TinyTeX/texmf-dist/fonts
/type1/public/lm/lmbx10.pfb></Users/harrisonfuller/Library/TinyTeX/texmf-dist/f
onts/type1/public/lm/lmbx12.pfb></Users/harrisonfuller/Library/TinyTeX/texmf-di
st/fonts/type1/public/lm/lmbx8.pfb></Users/harrisonfuller/Library/TinyTeX/texmf
-dist/fonts/type1/public/lm/lmbxi10.pfb></Users/harrisonfuller/Library/TinyTeX/
texmf-dist/fonts/type1/public/lm/lmmi5.pfb></Users/harrisonfuller/Library/TinyT
eX/texmf-dist/fonts/type1/public/lm/lmr10.pfb></Users/harrisonfuller/Library/Ti
nyTeX/texmf-dist/fonts/type1/public/lm/lmr5.pfb></Users/harrisonfuller/Library/
TinyTeX/texmf-dist/fonts/type1/public/lm/lmr8.pfb></Users/harrisonfuller/Librar
y/TinyTeX/texmf-dist/fonts/type1/public/lm/lmri10.pfb></Users/harrisonfuller/Li
brary/TinyTeX/texmf-dist/fonts/type1/public/lm/lmri9.pfb></Users/harrisonfuller
/Library/TinyTeX/texmf-dist/fonts/type1/public/lm/lmsy5.pfb></Users/harrisonful
ler/Library/TinyTeX/texmf-dist/fonts/type1/public/lm/lmsy6.pfb></Users/harrison
fuller/Library/TinyTeX/texmf-dist/fonts/type1/public/lm/lmtk10.pfb></Users/harr
isonfuller/Library/TinyTeX/texmf-dist/fonts/type1/public/lm/lmtt10.pfb></Users/
harrisonfuller/Library/TinyTeX/texmf-dist/fonts/type1/public/lm/lmtti10.pfb>
Output written on project-measure-writeup.pdf (15 pages, 371225 bytes).
PDF statistics:
 165 PDF objects out of 1000 (max. 8388607)
 109 compressed objects within 2 object streams
 0 named destinations out of 1000 (max. 500000)
 27 words of extra memory for PDF output out of 10000 (max. 10000000)

